2018-05-29 11:16:37,173 INFO  - PlaygroundApplication          - Starting PlaygroundApplication on LPNLLT08141 with PID 15776 (C:\Users\bijlj\workspace\bijleveld-playground\target\classes started by bijlj in C:\Users\bijlj\workspace\bijleveld-playground)
2018-05-29 11:16:37,179 DEBUG - PlaygroundApplication          - Running with Spring Boot v2.0.2.RELEASE, Spring v5.0.6.RELEASE
2018-05-29 11:16:37,179 INFO  - PlaygroundApplication          - No active profile set, falling back to default profiles: default
2018-05-29 11:16:39,623 INFO  - ContextLoader                  - Root WebApplicationContext: initialization completed in 2336 ms
2018-05-29 11:16:39,962 INFO  - SimpleUrlHandlerMapping        - Mapped URL path [/**/favicon.ico] onto handler of type [class org.springframework.web.servlet.resource.ResourceHttpRequestHandler]
2018-05-29 11:16:40,207 INFO  - RequestMappingHandlerAdapter   - Looking for @ControllerAdvice: org.springframework.boot.web.servlet.context.AnnotationConfigServletWebServerApplicationContext@17c8da89: startup date [Tue May 29 11:16:37 CEST 2018]; root of context hierarchy
2018-05-29 11:16:40,392 INFO  - RequestMappingHandlerMapping   - Mapped "{[/]}" onto public java.lang.String nl.vanbijleveld.playground.controller.PlaygroundController.homePage()
2018-05-29 11:16:40,393 INFO  - RequestMappingHandlerMapping   - Mapped "{[/imap]}" onto public java.lang.String nl.vanbijleveld.playground.controller.PlaygroundController.emailTester()
2018-05-29 11:16:40,400 INFO  - RequestMappingHandlerMapping   - Mapped "{[/error]}" onto public org.springframework.http.ResponseEntity<java.util.Map<java.lang.String, java.lang.Object>> org.springframework.boot.autoconfigure.web.servlet.error.BasicErrorController.error(javax.servlet.http.HttpServletRequest)
2018-05-29 11:16:40,401 INFO  - RequestMappingHandlerMapping   - Mapped "{[/error],produces=[text/html]}" onto public org.springframework.web.servlet.ModelAndView org.springframework.boot.autoconfigure.web.servlet.error.BasicErrorController.errorHtml(javax.servlet.http.HttpServletRequest,javax.servlet.http.HttpServletResponse)
2018-05-29 11:16:40,448 INFO  - SimpleUrlHandlerMapping        - Mapped URL path [/webjars/**] onto handler of type [class org.springframework.web.servlet.resource.ResourceHttpRequestHandler]
2018-05-29 11:16:40,448 INFO  - SimpleUrlHandlerMapping        - Mapped URL path [/**] onto handler of type [class org.springframework.web.servlet.resource.ResourceHttpRequestHandler]
2018-05-29 11:16:40,834 INFO  - PlaygroundApplication          - Started PlaygroundApplication in 4.054 seconds (JVM running for 5.1)
2018-05-29 11:16:47,477 INFO  - DispatcherServlet              - FrameworkServlet 'dispatcherServlet': initialization started
2018-05-29 11:16:47,503 INFO  - DispatcherServlet              - FrameworkServlet 'dispatcherServlet': initialization completed in 25 ms
2018-05-29 11:16:47,531 INFO  - PlaygroundController           - Start fetching new mail
2018-05-29 11:17:08,571 ERROR - PlaygroundController           - Failed to process email
javax.mail.MessagingException: Connection timed out: connect
	at com.sun.mail.imap.IMAPStore.protocolConnect(IMAPStore.java:670) ~[mail-1.4.7.jar:1.4.7]
	at javax.mail.Service.connect(Service.java:295) ~[mail-1.4.7.jar:1.4.7]
	at javax.mail.Service.connect(Service.java:176) ~[mail-1.4.7.jar:1.4.7]
	at nl.vanbijleveld.imapreader.ImapFolderReader.<init>(ImapFolderReader.java:24) ~[classes/:?]
	at nl.vanbijleveld.imapreader.ImapService.<init>(ImapService.java:31) ~[classes/:?]
	at nl.vanbijleveld.playground.controller.PlaygroundController.emailTester(PlaygroundController.java:43) [classes/:?]
	at sun.reflect.NativeMethodAccessorImpl.invoke0(Native Method) ~[?:1.8.0_141]
	at sun.reflect.NativeMethodAccessorImpl.invoke(NativeMethodAccessorImpl.java:62) ~[?:1.8.0_141]
	at sun.reflect.DelegatingMethodAccessorImpl.invoke(DelegatingMethodAccessorImpl.java:43) ~[?:1.8.0_141]
	at java.lang.reflect.Method.invoke(Method.java:498) ~[?:1.8.0_141]
	at org.springframework.web.method.support.InvocableHandlerMethod.doInvoke(InvocableHandlerMethod.java:209) [spring-web-5.0.6.RELEASE.jar:5.0.6.RELEASE]
	at org.springframework.web.method.support.InvocableHandlerMethod.invokeForRequest(InvocableHandlerMethod.java:136) [spring-web-5.0.6.RELEASE.jar:5.0.6.RELEASE]
	at org.springframework.web.servlet.mvc.method.annotation.ServletInvocableHandlerMethod.invokeAndHandle(ServletInvocableHandlerMethod.java:102) [spring-webmvc-5.0.6.RELEASE.jar:5.0.6.RELEASE]
	at org.springframework.web.servlet.mvc.method.annotation.RequestMappingHandlerAdapter.invokeHandlerMethod(RequestMappingHandlerAdapter.java:877) [spring-webmvc-5.0.6.RELEASE.jar:5.0.6.RELEASE]
	at org.springframework.web.servlet.mvc.method.annotation.RequestMappingHandlerAdapter.handleInternal(RequestMappingHandlerAdapter.java:783) [spring-webmvc-5.0.6.RELEASE.jar:5.0.6.RELEASE]
	at org.springframework.web.servlet.mvc.method.AbstractHandlerMethodAdapter.handle(AbstractHandlerMethodAdapter.java:87) [spring-webmvc-5.0.6.RELEASE.jar:5.0.6.RELEASE]
	at org.springframework.web.servlet.DispatcherServlet.doDispatch(DispatcherServlet.java:991) [spring-webmvc-5.0.6.RELEASE.jar:5.0.6.RELEASE]
	at org.springframework.web.servlet.DispatcherServlet.doService(DispatcherServlet.java:925) [spring-webmvc-5.0.6.RELEASE.jar:5.0.6.RELEASE]
	at org.springframework.web.servlet.FrameworkServlet.processRequest(FrameworkServlet.java:974) [spring-webmvc-5.0.6.RELEASE.jar:5.0.6.RELEASE]
	at org.springframework.web.servlet.FrameworkServlet.doGet(FrameworkServlet.java:866) [spring-webmvc-5.0.6.RELEASE.jar:5.0.6.RELEASE]
	at javax.servlet.http.HttpServlet.service(HttpServlet.java:635) [tomcat-embed-core-8.5.31.jar:8.5.31]
	at org.springframework.web.servlet.FrameworkServlet.service(FrameworkServlet.java:851) [spring-webmvc-5.0.6.RELEASE.jar:5.0.6.RELEASE]
	at javax.servlet.http.HttpServlet.service(HttpServlet.java:742) [tomcat-embed-core-8.5.31.jar:8.5.31]
	at org.apache.catalina.core.ApplicationFilterChain.internalDoFilter(ApplicationFilterChain.java:231) [tomcat-embed-core-8.5.31.jar:8.5.31]
	at org.apache.catalina.core.ApplicationFilterChain.doFilter(ApplicationFilterChain.java:166) [tomcat-embed-core-8.5.31.jar:8.5.31]
	at org.apache.tomcat.websocket.server.WsFilter.doFilter(WsFilter.java:52) [tomcat-embed-websocket-8.5.31.jar:8.5.31]
	at org.apache.catalina.core.ApplicationFilterChain.internalDoFilter(ApplicationFilterChain.java:193) [tomcat-embed-core-8.5.31.jar:8.5.31]
	at org.apache.catalina.core.ApplicationFilterChain.doFilter(ApplicationFilterChain.java:166) [tomcat-embed-core-8.5.31.jar:8.5.31]
	at org.springframework.web.filter.RequestContextFilter.doFilterInternal(RequestContextFilter.java:99) [spring-web-5.0.6.RELEASE.jar:5.0.6.RELEASE]
	at org.springframework.web.filter.OncePerRequestFilter.doFilter(OncePerRequestFilter.java:107) [spring-web-5.0.6.RELEASE.jar:5.0.6.RELEASE]
	at org.apache.catalina.core.ApplicationFilterChain.internalDoFilter(ApplicationFilterChain.java:193) [tomcat-embed-core-8.5.31.jar:8.5.31]
	at org.apache.catalina.core.ApplicationFilterChain.doFilter(ApplicationFilterChain.java:166) [tomcat-embed-core-8.5.31.jar:8.5.31]
	at org.springframework.web.filter.HttpPutFormContentFilter.doFilterInternal(HttpPutFormContentFilter.java:109) [spring-web-5.0.6.RELEASE.jar:5.0.6.RELEASE]
	at org.springframework.web.filter.OncePerRequestFilter.doFilter(OncePerRequestFilter.java:107) [spring-web-5.0.6.RELEASE.jar:5.0.6.RELEASE]
	at org.apache.catalina.core.ApplicationFilterChain.internalDoFilter(ApplicationFilterChain.java:193) [tomcat-embed-core-8.5.31.jar:8.5.31]
	at org.apache.catalina.core.ApplicationFilterChain.doFilter(ApplicationFilterChain.java:166) [tomcat-embed-core-8.5.31.jar:8.5.31]
	at org.springframework.web.filter.HiddenHttpMethodFilter.doFilterInternal(HiddenHttpMethodFilter.java:81) [spring-web-5.0.6.RELEASE.jar:5.0.6.RELEASE]
	at org.springframework.web.filter.OncePerRequestFilter.doFilter(OncePerRequestFilter.java:107) [spring-web-5.0.6.RELEASE.jar:5.0.6.RELEASE]
	at org.apache.catalina.core.ApplicationFilterChain.internalDoFilter(ApplicationFilterChain.java:193) [tomcat-embed-core-8.5.31.jar:8.5.31]
	at org.apache.catalina.core.ApplicationFilterChain.doFilter(ApplicationFilterChain.java:166) [tomcat-embed-core-8.5.31.jar:8.5.31]
	at org.springframework.web.filter.CharacterEncodingFilter.doFilterInternal(CharacterEncodingFilter.java:200) [spring-web-5.0.6.RELEASE.jar:5.0.6.RELEASE]
	at org.springframework.web.filter.OncePerRequestFilter.doFilter(OncePerRequestFilter.java:107) [spring-web-5.0.6.RELEASE.jar:5.0.6.RELEASE]
	at org.apache.catalina.core.ApplicationFilterChain.internalDoFilter(ApplicationFilterChain.java:193) [tomcat-embed-core-8.5.31.jar:8.5.31]
	at org.apache.catalina.core.ApplicationFilterChain.doFilter(ApplicationFilterChain.java:166) [tomcat-embed-core-8.5.31.jar:8.5.31]
	at org.apache.catalina.core.StandardWrapperValve.invoke(StandardWrapperValve.java:198) [tomcat-embed-core-8.5.31.jar:8.5.31]
	at org.apache.catalina.core.StandardContextValve.invoke(StandardContextValve.java:96) [tomcat-embed-core-8.5.31.jar:8.5.31]
	at org.apache.catalina.authenticator.AuthenticatorBase.invoke(AuthenticatorBase.java:496) [tomcat-embed-core-8.5.31.jar:8.5.31]
	at org.apache.catalina.core.StandardHostValve.invoke(StandardHostValve.java:140) [tomcat-embed-core-8.5.31.jar:8.5.31]
	at org.apache.catalina.valves.ErrorReportValve.invoke(ErrorReportValve.java:81) [tomcat-embed-core-8.5.31.jar:8.5.31]
	at org.apache.catalina.core.StandardEngineValve.invoke(StandardEngineValve.java:87) [tomcat-embed-core-8.5.31.jar:8.5.31]
	at org.apache.catalina.connector.CoyoteAdapter.service(CoyoteAdapter.java:342) [tomcat-embed-core-8.5.31.jar:8.5.31]
	at org.apache.coyote.http11.Http11Processor.service(Http11Processor.java:803) [tomcat-embed-core-8.5.31.jar:8.5.31]
	at org.apache.coyote.AbstractProcessorLight.process(AbstractProcessorLight.java:66) [tomcat-embed-core-8.5.31.jar:8.5.31]
	at org.apache.coyote.AbstractProtocol$ConnectionHandler.process(AbstractProtocol.java:790) [tomcat-embed-core-8.5.31.jar:8.5.31]
	at org.apache.tomcat.util.net.NioEndpoint$SocketProcessor.doRun(NioEndpoint.java:1468) [tomcat-embed-core-8.5.31.jar:8.5.31]
	at org.apache.tomcat.util.net.SocketProcessorBase.run(SocketProcessorBase.java:49) [tomcat-embed-core-8.5.31.jar:8.5.31]
	at java.util.concurrent.ThreadPoolExecutor.runWorker(ThreadPoolExecutor.java:1149) [?:1.8.0_141]
	at java.util.concurrent.ThreadPoolExecutor$Worker.run(ThreadPoolExecutor.java:624) [?:1.8.0_141]
	at org.apache.tomcat.util.threads.TaskThread$WrappingRunnable.run(TaskThread.java:61) [tomcat-embed-core-8.5.31.jar:8.5.31]
	at java.lang.Thread.run(Thread.java:748) [?:1.8.0_141]
Caused by: java.net.ConnectException: Connection timed out: connect
	at java.net.DualStackPlainSocketImpl.connect0(Native Method) ~[?:1.8.0_141]
	at java.net.DualStackPlainSocketImpl.socketConnect(DualStackPlainSocketImpl.java:79) ~[?:1.8.0_141]
	at java.net.AbstractPlainSocketImpl.doConnect(AbstractPlainSocketImpl.java:350) ~[?:1.8.0_141]
	at java.net.AbstractPlainSocketImpl.connectToAddress(AbstractPlainSocketImpl.java:206) ~[?:1.8.0_141]
	at java.net.AbstractPlainSocketImpl.connect(AbstractPlainSocketImpl.java:188) ~[?:1.8.0_141]
	at java.net.PlainSocketImpl.connect(PlainSocketImpl.java:172) ~[?:1.8.0_141]
	at java.net.SocksSocketImpl.connect(SocksSocketImpl.java:392) ~[?:1.8.0_141]
	at java.net.Socket.connect(Socket.java:589) ~[?:1.8.0_141]
	at java.net.Socket.connect(Socket.java:538) ~[?:1.8.0_141]
	at com.sun.mail.util.SocketFetcher.createSocket(SocketFetcher.java:321) ~[mail-1.4.7.jar:1.4.7]
	at com.sun.mail.util.SocketFetcher.getSocket(SocketFetcher.java:237) ~[mail-1.4.7.jar:1.4.7]
	at com.sun.mail.iap.Protocol.<init>(Protocol.java:116) ~[mail-1.4.7.jar:1.4.7]
	at com.sun.mail.imap.protocol.IMAPProtocol.<init>(IMAPProtocol.java:115) ~[mail-1.4.7.jar:1.4.7]
	at com.sun.mail.imap.IMAPStore.newIMAPProtocol(IMAPStore.java:685) ~[mail-1.4.7.jar:1.4.7]
	at com.sun.mail.imap.IMAPStore.protocolConnect(IMAPStore.java:636) ~[mail-1.4.7.jar:1.4.7]
	... 59 more
2018-05-29 11:18:42,194 INFO  - PlaygroundApplication          - Starting PlaygroundApplication on LPNLLT08141 with PID 15776 (C:\Users\bijlj\workspace\bijleveld-playground\target\classes started by bijlj in C:\Users\bijlj\workspace\bijleveld-playground)
2018-05-29 11:18:42,195 DEBUG - PlaygroundApplication          - Running with Spring Boot v2.0.2.RELEASE, Spring v5.0.6.RELEASE
2018-05-29 11:18:42,195 INFO  - PlaygroundApplication          - No active profile set, falling back to default profiles: default
2018-05-29 11:18:42,869 INFO  - ContextLoader                  - Root WebApplicationContext: initialization completed in 671 ms
2018-05-29 11:18:42,945 INFO  - SimpleUrlHandlerMapping        - Mapped URL path [/**/favicon.ico] onto handler of type [class org.springframework.web.servlet.resource.ResourceHttpRequestHandler]
2018-05-29 11:18:43,017 INFO  - RequestMappingHandlerAdapter   - Looking for @ControllerAdvice: org.springframework.boot.web.servlet.context.AnnotationConfigServletWebServerApplicationContext@575dde41: startup date [Tue May 29 11:18:42 CEST 2018]; root of context hierarchy
2018-05-29 11:18:43,028 INFO  - RequestMappingHandlerMapping   - Mapped "{[/]}" onto public java.lang.String nl.vanbijleveld.playground.controller.PlaygroundController.homePage()
2018-05-29 11:18:43,029 INFO  - RequestMappingHandlerMapping   - Mapped "{[/imap]}" onto public java.lang.String nl.vanbijleveld.playground.controller.PlaygroundController.emailTester()
2018-05-29 11:18:43,031 INFO  - RequestMappingHandlerMapping   - Mapped "{[/error]}" onto public org.springframework.http.ResponseEntity<java.util.Map<java.lang.String, java.lang.Object>> org.springframework.boot.autoconfigure.web.servlet.error.BasicErrorController.error(javax.servlet.http.HttpServletRequest)
2018-05-29 11:18:43,031 INFO  - RequestMappingHandlerMapping   - Mapped "{[/error],produces=[text/html]}" onto public org.springframework.web.servlet.ModelAndView org.springframework.boot.autoconfigure.web.servlet.error.BasicErrorController.errorHtml(javax.servlet.http.HttpServletRequest,javax.servlet.http.HttpServletResponse)
2018-05-29 11:18:43,045 INFO  - SimpleUrlHandlerMapping        - Mapped URL path [/webjars/**] onto handler of type [class org.springframework.web.servlet.resource.ResourceHttpRequestHandler]
2018-05-29 11:18:43,046 INFO  - SimpleUrlHandlerMapping        - Mapped URL path [/**] onto handler of type [class org.springframework.web.servlet.resource.ResourceHttpRequestHandler]
2018-05-29 11:18:43,159 INFO  - PlaygroundApplication          - Started PlaygroundApplication in 1.039 seconds (JVM running for 127.421)
2018-05-29 11:18:58,971 INFO  - PlaygroundApplication          - Starting PlaygroundApplication on LPNLLT08141 with PID 15776 (C:\Users\bijlj\workspace\bijleveld-playground\target\classes started by bijlj in C:\Users\bijlj\workspace\bijleveld-playground)
2018-05-29 11:18:58,971 DEBUG - PlaygroundApplication          - Running with Spring Boot v2.0.2.RELEASE, Spring v5.0.6.RELEASE
2018-05-29 11:18:58,971 INFO  - PlaygroundApplication          - No active profile set, falling back to default profiles: default
2018-05-29 11:18:59,689 INFO  - ContextLoader                  - Root WebApplicationContext: initialization completed in 712 ms
2018-05-29 11:18:59,758 INFO  - SimpleUrlHandlerMapping        - Mapped URL path [/**/favicon.ico] onto handler of type [class org.springframework.web.servlet.resource.ResourceHttpRequestHandler]
2018-05-29 11:18:59,820 INFO  - RequestMappingHandlerAdapter   - Looking for @ControllerAdvice: org.springframework.boot.web.servlet.context.AnnotationConfigServletWebServerApplicationContext@7e9c78c2: startup date [Tue May 29 11:18:58 CEST 2018]; root of context hierarchy
2018-05-29 11:18:59,827 INFO  - RequestMappingHandlerMapping   - Mapped "{[/]}" onto public java.lang.String nl.vanbijleveld.playground.controller.PlaygroundController.homePage()
2018-05-29 11:18:59,828 INFO  - RequestMappingHandlerMapping   - Mapped "{[/imap]}" onto public java.lang.String nl.vanbijleveld.playground.controller.PlaygroundController.emailTester()
2018-05-29 11:18:59,831 INFO  - RequestMappingHandlerMapping   - Mapped "{[/error]}" onto public org.springframework.http.ResponseEntity<java.util.Map<java.lang.String, java.lang.Object>> org.springframework.boot.autoconfigure.web.servlet.error.BasicErrorController.error(javax.servlet.http.HttpServletRequest)
2018-05-29 11:18:59,831 INFO  - RequestMappingHandlerMapping   - Mapped "{[/error],produces=[text/html]}" onto public org.springframework.web.servlet.ModelAndView org.springframework.boot.autoconfigure.web.servlet.error.BasicErrorController.errorHtml(javax.servlet.http.HttpServletRequest,javax.servlet.http.HttpServletResponse)
2018-05-29 11:18:59,839 INFO  - SimpleUrlHandlerMapping        - Mapped URL path [/webjars/**] onto handler of type [class org.springframework.web.servlet.resource.ResourceHttpRequestHandler]
2018-05-29 11:18:59,839 INFO  - SimpleUrlHandlerMapping        - Mapped URL path [/**] onto handler of type [class org.springframework.web.servlet.resource.ResourceHttpRequestHandler]
2018-05-29 11:18:59,921 INFO  - PlaygroundApplication          - Started PlaygroundApplication in 1.019 seconds (JVM running for 144.182)
2018-05-29 11:19:06,707 INFO  - DispatcherServlet              - FrameworkServlet 'dispatcherServlet': initialization started
2018-05-29 11:19:06,710 INFO  - DispatcherServlet              - FrameworkServlet 'dispatcherServlet': initialization completed in 3 ms
2018-05-29 11:19:06,711 INFO  - PlaygroundController           - Start fetching new mail
2018-05-29 11:19:27,724 ERROR - PlaygroundController           - Failed to process email
javax.mail.MessagingException: Connection timed out: connect
	at com.sun.mail.imap.IMAPStore.protocolConnect(IMAPStore.java:670) ~[mail-1.4.7.jar:1.4.7]
	at javax.mail.Service.connect(Service.java:295) ~[mail-1.4.7.jar:1.4.7]
	at javax.mail.Service.connect(Service.java:176) ~[mail-1.4.7.jar:1.4.7]
	at nl.vanbijleveld.imapreader.ImapFolderReader.<init>(ImapFolderReader.java:24) ~[classes/:?]
	at nl.vanbijleveld.imapreader.ImapService.<init>(ImapService.java:31) ~[classes/:?]
	at nl.vanbijleveld.playground.controller.PlaygroundController.emailTester(PlaygroundController.java:43) [classes/:?]
	at sun.reflect.NativeMethodAccessorImpl.invoke0(Native Method) ~[?:1.8.0_141]
	at sun.reflect.NativeMethodAccessorImpl.invoke(NativeMethodAccessorImpl.java:62) ~[?:1.8.0_141]
	at sun.reflect.DelegatingMethodAccessorImpl.invoke(DelegatingMethodAccessorImpl.java:43) ~[?:1.8.0_141]
	at java.lang.reflect.Method.invoke(Method.java:498) ~[?:1.8.0_141]
	at org.springframework.web.method.support.InvocableHandlerMethod.doInvoke(InvocableHandlerMethod.java:209) [spring-web-5.0.6.RELEASE.jar:5.0.6.RELEASE]
	at org.springframework.web.method.support.InvocableHandlerMethod.invokeForRequest(InvocableHandlerMethod.java:136) [spring-web-5.0.6.RELEASE.jar:5.0.6.RELEASE]
	at org.springframework.web.servlet.mvc.method.annotation.ServletInvocableHandlerMethod.invokeAndHandle(ServletInvocableHandlerMethod.java:102) [spring-webmvc-5.0.6.RELEASE.jar:5.0.6.RELEASE]
	at org.springframework.web.servlet.mvc.method.annotation.RequestMappingHandlerAdapter.invokeHandlerMethod(RequestMappingHandlerAdapter.java:877) [spring-webmvc-5.0.6.RELEASE.jar:5.0.6.RELEASE]
	at org.springframework.web.servlet.mvc.method.annotation.RequestMappingHandlerAdapter.handleInternal(RequestMappingHandlerAdapter.java:783) [spring-webmvc-5.0.6.RELEASE.jar:5.0.6.RELEASE]
	at org.springframework.web.servlet.mvc.method.AbstractHandlerMethodAdapter.handle(AbstractHandlerMethodAdapter.java:87) [spring-webmvc-5.0.6.RELEASE.jar:5.0.6.RELEASE]
	at org.springframework.web.servlet.DispatcherServlet.doDispatch(DispatcherServlet.java:991) [spring-webmvc-5.0.6.RELEASE.jar:5.0.6.RELEASE]
	at org.springframework.web.servlet.DispatcherServlet.doService(DispatcherServlet.java:925) [spring-webmvc-5.0.6.RELEASE.jar:5.0.6.RELEASE]
	at org.springframework.web.servlet.FrameworkServlet.processRequest(FrameworkServlet.java:974) [spring-webmvc-5.0.6.RELEASE.jar:5.0.6.RELEASE]
	at org.springframework.web.servlet.FrameworkServlet.doGet(FrameworkServlet.java:866) [spring-webmvc-5.0.6.RELEASE.jar:5.0.6.RELEASE]
	at javax.servlet.http.HttpServlet.service(HttpServlet.java:635) [tomcat-embed-core-8.5.31.jar:8.5.31]
	at org.springframework.web.servlet.FrameworkServlet.service(FrameworkServlet.java:851) [spring-webmvc-5.0.6.RELEASE.jar:5.0.6.RELEASE]
	at javax.servlet.http.HttpServlet.service(HttpServlet.java:742) [tomcat-embed-core-8.5.31.jar:8.5.31]
	at org.apache.catalina.core.ApplicationFilterChain.internalDoFilter(ApplicationFilterChain.java:231) [tomcat-embed-core-8.5.31.jar:8.5.31]
	at org.apache.catalina.core.ApplicationFilterChain.doFilter(ApplicationFilterChain.java:166) [tomcat-embed-core-8.5.31.jar:8.5.31]
	at org.apache.tomcat.websocket.server.WsFilter.doFilter(WsFilter.java:52) [tomcat-embed-websocket-8.5.31.jar:8.5.31]
	at org.apache.catalina.core.ApplicationFilterChain.internalDoFilter(ApplicationFilterChain.java:193) [tomcat-embed-core-8.5.31.jar:8.5.31]
	at org.apache.catalina.core.ApplicationFilterChain.doFilter(ApplicationFilterChain.java:166) [tomcat-embed-core-8.5.31.jar:8.5.31]
	at org.springframework.web.filter.RequestContextFilter.doFilterInternal(RequestContextFilter.java:99) [spring-web-5.0.6.RELEASE.jar:5.0.6.RELEASE]
	at org.springframework.web.filter.OncePerRequestFilter.doFilter(OncePerRequestFilter.java:107) [spring-web-5.0.6.RELEASE.jar:5.0.6.RELEASE]
	at org.apache.catalina.core.ApplicationFilterChain.internalDoFilter(ApplicationFilterChain.java:193) [tomcat-embed-core-8.5.31.jar:8.5.31]
	at org.apache.catalina.core.ApplicationFilterChain.doFilter(ApplicationFilterChain.java:166) [tomcat-embed-core-8.5.31.jar:8.5.31]
	at org.springframework.web.filter.HttpPutFormContentFilter.doFilterInternal(HttpPutFormContentFilter.java:109) [spring-web-5.0.6.RELEASE.jar:5.0.6.RELEASE]
	at org.springframework.web.filter.OncePerRequestFilter.doFilter(OncePerRequestFilter.java:107) [spring-web-5.0.6.RELEASE.jar:5.0.6.RELEASE]
	at org.apache.catalina.core.ApplicationFilterChain.internalDoFilter(ApplicationFilterChain.java:193) [tomcat-embed-core-8.5.31.jar:8.5.31]
	at org.apache.catalina.core.ApplicationFilterChain.doFilter(ApplicationFilterChain.java:166) [tomcat-embed-core-8.5.31.jar:8.5.31]
	at org.springframework.web.filter.HiddenHttpMethodFilter.doFilterInternal(HiddenHttpMethodFilter.java:81) [spring-web-5.0.6.RELEASE.jar:5.0.6.RELEASE]
	at org.springframework.web.filter.OncePerRequestFilter.doFilter(OncePerRequestFilter.java:107) [spring-web-5.0.6.RELEASE.jar:5.0.6.RELEASE]
	at org.apache.catalina.core.ApplicationFilterChain.internalDoFilter(ApplicationFilterChain.java:193) [tomcat-embed-core-8.5.31.jar:8.5.31]
	at org.apache.catalina.core.ApplicationFilterChain.doFilter(ApplicationFilterChain.java:166) [tomcat-embed-core-8.5.31.jar:8.5.31]
	at org.springframework.web.filter.CharacterEncodingFilter.doFilterInternal(CharacterEncodingFilter.java:200) [spring-web-5.0.6.RELEASE.jar:5.0.6.RELEASE]
	at org.springframework.web.filter.OncePerRequestFilter.doFilter(OncePerRequestFilter.java:107) [spring-web-5.0.6.RELEASE.jar:5.0.6.RELEASE]
	at org.apache.catalina.core.ApplicationFilterChain.internalDoFilter(ApplicationFilterChain.java:193) [tomcat-embed-core-8.5.31.jar:8.5.31]
	at org.apache.catalina.core.ApplicationFilterChain.doFilter(ApplicationFilterChain.java:166) [tomcat-embed-core-8.5.31.jar:8.5.31]
	at org.apache.catalina.core.StandardWrapperValve.invoke(StandardWrapperValve.java:198) [tomcat-embed-core-8.5.31.jar:8.5.31]
	at org.apache.catalina.core.StandardContextValve.invoke(StandardContextValve.java:96) [tomcat-embed-core-8.5.31.jar:8.5.31]
	at org.apache.catalina.authenticator.AuthenticatorBase.invoke(AuthenticatorBase.java:496) [tomcat-embed-core-8.5.31.jar:8.5.31]
	at org.apache.catalina.core.StandardHostValve.invoke(StandardHostValve.java:140) [tomcat-embed-core-8.5.31.jar:8.5.31]
	at org.apache.catalina.valves.ErrorReportValve.invoke(ErrorReportValve.java:81) [tomcat-embed-core-8.5.31.jar:8.5.31]
	at org.apache.catalina.core.StandardEngineValve.invoke(StandardEngineValve.java:87) [tomcat-embed-core-8.5.31.jar:8.5.31]
	at org.apache.catalina.connector.CoyoteAdapter.service(CoyoteAdapter.java:342) [tomcat-embed-core-8.5.31.jar:8.5.31]
	at org.apache.coyote.http11.Http11Processor.service(Http11Processor.java:803) [tomcat-embed-core-8.5.31.jar:8.5.31]
	at org.apache.coyote.AbstractProcessorLight.process(AbstractProcessorLight.java:66) [tomcat-embed-core-8.5.31.jar:8.5.31]
	at org.apache.coyote.AbstractProtocol$ConnectionHandler.process(AbstractProtocol.java:790) [tomcat-embed-core-8.5.31.jar:8.5.31]
	at org.apache.tomcat.util.net.NioEndpoint$SocketProcessor.doRun(NioEndpoint.java:1468) [tomcat-embed-core-8.5.31.jar:8.5.31]
	at org.apache.tomcat.util.net.SocketProcessorBase.run(SocketProcessorBase.java:49) [tomcat-embed-core-8.5.31.jar:8.5.31]
	at java.util.concurrent.ThreadPoolExecutor.runWorker(ThreadPoolExecutor.java:1149) [?:1.8.0_141]
	at java.util.concurrent.ThreadPoolExecutor$Worker.run(ThreadPoolExecutor.java:624) [?:1.8.0_141]
	at org.apache.tomcat.util.threads.TaskThread$WrappingRunnable.run(TaskThread.java:61) [tomcat-embed-core-8.5.31.jar:8.5.31]
	at java.lang.Thread.run(Thread.java:748) [?:1.8.0_141]
Caused by: java.net.ConnectException: Connection timed out: connect
	at java.net.DualStackPlainSocketImpl.connect0(Native Method) ~[?:1.8.0_141]
	at java.net.DualStackPlainSocketImpl.socketConnect(DualStackPlainSocketImpl.java:79) ~[?:1.8.0_141]
	at java.net.AbstractPlainSocketImpl.doConnect(AbstractPlainSocketImpl.java:350) ~[?:1.8.0_141]
	at java.net.AbstractPlainSocketImpl.connectToAddress(AbstractPlainSocketImpl.java:206) ~[?:1.8.0_141]
	at java.net.AbstractPlainSocketImpl.connect(AbstractPlainSocketImpl.java:188) ~[?:1.8.0_141]
	at java.net.PlainSocketImpl.connect(PlainSocketImpl.java:172) ~[?:1.8.0_141]
	at java.net.SocksSocketImpl.connect(SocksSocketImpl.java:392) ~[?:1.8.0_141]
	at java.net.Socket.connect(Socket.java:589) ~[?:1.8.0_141]
	at java.net.Socket.connect(Socket.java:538) ~[?:1.8.0_141]
	at com.sun.mail.util.SocketFetcher.createSocket(SocketFetcher.java:321) ~[mail-1.4.7.jar:1.4.7]
	at com.sun.mail.util.SocketFetcher.getSocket(SocketFetcher.java:237) ~[mail-1.4.7.jar:1.4.7]
	at com.sun.mail.iap.Protocol.<init>(Protocol.java:116) ~[mail-1.4.7.jar:1.4.7]
	at com.sun.mail.imap.protocol.IMAPProtocol.<init>(IMAPProtocol.java:115) ~[mail-1.4.7.jar:1.4.7]
	at com.sun.mail.imap.IMAPStore.newIMAPProtocol(IMAPStore.java:685) ~[mail-1.4.7.jar:1.4.7]
	at com.sun.mail.imap.IMAPStore.protocolConnect(IMAPStore.java:636) ~[mail-1.4.7.jar:1.4.7]
	... 59 more
2018-05-29 11:22:04,830 INFO  - PlaygroundApplication          - Starting PlaygroundApplication on LPNLLT08141 with PID 15776 (C:\Users\bijlj\workspace\bijleveld-playground\target\classes started by bijlj in C:\Users\bijlj\workspace\bijleveld-playground)
2018-05-29 11:22:04,831 DEBUG - PlaygroundApplication          - Running with Spring Boot v2.0.2.RELEASE, Spring v5.0.6.RELEASE
2018-05-29 11:22:04,831 INFO  - PlaygroundApplication          - No active profile set, falling back to default profiles: default
2018-05-29 11:22:05,883 INFO  - ContextLoader                  - Root WebApplicationContext: initialization completed in 1040 ms
2018-05-29 11:22:05,956 INFO  - SimpleUrlHandlerMapping        - Mapped URL path [/**/favicon.ico] onto handler of type [class org.springframework.web.servlet.resource.ResourceHttpRequestHandler]
2018-05-29 11:22:06,025 INFO  - RequestMappingHandlerAdapter   - Looking for @ControllerAdvice: org.springframework.boot.web.servlet.context.AnnotationConfigServletWebServerApplicationContext@2d9962ce: startup date [Tue May 29 11:22:04 CEST 2018]; root of context hierarchy
2018-05-29 11:22:06,030 INFO  - RequestMappingHandlerMapping   - Mapped "{[/]}" onto public java.lang.String nl.vanbijleveld.playground.controller.PlaygroundController.homePage()
2018-05-29 11:22:06,030 INFO  - RequestMappingHandlerMapping   - Mapped "{[/imap]}" onto public java.lang.String nl.vanbijleveld.playground.controller.PlaygroundController.emailTester()
2018-05-29 11:22:06,036 INFO  - RequestMappingHandlerMapping   - Mapped "{[/error]}" onto public org.springframework.http.ResponseEntity<java.util.Map<java.lang.String, java.lang.Object>> org.springframework.boot.autoconfigure.web.servlet.error.BasicErrorController.error(javax.servlet.http.HttpServletRequest)
2018-05-29 11:22:06,036 INFO  - RequestMappingHandlerMapping   - Mapped "{[/error],produces=[text/html]}" onto public org.springframework.web.servlet.ModelAndView org.springframework.boot.autoconfigure.web.servlet.error.BasicErrorController.errorHtml(javax.servlet.http.HttpServletRequest,javax.servlet.http.HttpServletResponse)
2018-05-29 11:22:06,044 INFO  - SimpleUrlHandlerMapping        - Mapped URL path [/webjars/**] onto handler of type [class org.springframework.web.servlet.resource.ResourceHttpRequestHandler]
2018-05-29 11:22:06,045 INFO  - SimpleUrlHandlerMapping        - Mapped URL path [/**] onto handler of type [class org.springframework.web.servlet.resource.ResourceHttpRequestHandler]
2018-05-29 11:22:06,294 INFO  - PlaygroundApplication          - Started PlaygroundApplication in 1.595 seconds (JVM running for 330.551)
2018-05-29 11:23:03,027 INFO  - PlaygroundApplication          - Starting PlaygroundApplication on LPNLLT08141 with PID 7672 (C:\Users\bijlj\workspace\bijleveld-playground\target\classes started by bijlj in C:\Users\bijlj\workspace\bijleveld-playground)
2018-05-29 11:23:03,035 DEBUG - PlaygroundApplication          - Running with Spring Boot v2.0.2.RELEASE, Spring v5.0.6.RELEASE
2018-05-29 11:23:03,035 INFO  - PlaygroundApplication          - No active profile set, falling back to default profiles: default
2018-05-29 11:23:05,608 INFO  - ContextLoader                  - Root WebApplicationContext: initialization completed in 2464 ms
2018-05-29 11:23:05,953 INFO  - SimpleUrlHandlerMapping        - Mapped URL path [/**/favicon.ico] onto handler of type [class org.springframework.web.servlet.resource.ResourceHttpRequestHandler]
2018-05-29 11:23:06,299 INFO  - RequestMappingHandlerAdapter   - Looking for @ControllerAdvice: org.springframework.boot.web.servlet.context.AnnotationConfigServletWebServerApplicationContext@44b6eb0b: startup date [Tue May 29 11:23:03 CEST 2018]; root of context hierarchy
2018-05-29 11:23:06,425 INFO  - RequestMappingHandlerMapping   - Mapped "{[/imap]}" onto public java.lang.String nl.vanbijleveld.playground.controller.PlaygroundController.emailTester()
2018-05-29 11:23:06,426 INFO  - RequestMappingHandlerMapping   - Mapped "{[/]}" onto public java.lang.String nl.vanbijleveld.playground.controller.PlaygroundController.homePage()
2018-05-29 11:23:06,431 INFO  - RequestMappingHandlerMapping   - Mapped "{[/error]}" onto public org.springframework.http.ResponseEntity<java.util.Map<java.lang.String, java.lang.Object>> org.springframework.boot.autoconfigure.web.servlet.error.BasicErrorController.error(javax.servlet.http.HttpServletRequest)
2018-05-29 11:23:06,432 INFO  - RequestMappingHandlerMapping   - Mapped "{[/error],produces=[text/html]}" onto public org.springframework.web.servlet.ModelAndView org.springframework.boot.autoconfigure.web.servlet.error.BasicErrorController.errorHtml(javax.servlet.http.HttpServletRequest,javax.servlet.http.HttpServletResponse)
2018-05-29 11:23:06,477 INFO  - SimpleUrlHandlerMapping        - Mapped URL path [/webjars/**] onto handler of type [class org.springframework.web.servlet.resource.ResourceHttpRequestHandler]
2018-05-29 11:23:06,478 INFO  - SimpleUrlHandlerMapping        - Mapped URL path [/**] onto handler of type [class org.springframework.web.servlet.resource.ResourceHttpRequestHandler]
2018-05-29 11:23:06,878 INFO  - PlaygroundApplication          - Started PlaygroundApplication in 4.284 seconds (JVM running for 5.364)
2018-05-29 11:23:09,991 INFO  - DispatcherServlet              - FrameworkServlet 'dispatcherServlet': initialization started
2018-05-29 11:23:10,023 INFO  - DispatcherServlet              - FrameworkServlet 'dispatcherServlet': initialization completed in 32 ms
2018-05-29 11:23:10,057 INFO  - PlaygroundController           - Start fetching new mail
